<?xml version="1.0" encoding="UTF-8"?>
<testng-results ignored="0" total="1" passed="1" failed="0" skipped="0">
  <reporter-output>
  </reporter-output>
  <suite started-at="2024-02-21T19:00:05 IST" name="Default suite" finished-at="2024-02-21T19:00:14 IST" duration-ms="8773">
    <groups>
    </groups>
    <test started-at="2024-02-21T19:00:05 IST" name="Default test" finished-at="2024-02-21T19:00:14 IST" duration-ms="8773">
      <class name="seleniumProject.Testcase">
        <test-method signature="PageTitle()[pri:0, instance:seleniumProject.Testcase@595b007d]" started-at="2024-02-21T19:00:05 IST" name="PageTitle" finished-at="2024-02-21T19:00:14 IST" duration-ms="8640" status="PASS">
          <reporter-output>
          </reporter-output>
        </test-method> <!-- PageTitle -->
      </class> <!-- seleniumProject.Testcase -->
    </test> <!-- Default test -->
  </suite> <!-- Default suite -->
</testng-results>
